c:\rgmapvideo\vd_pluginsdk\obj\debug\sampleinputdriver\vc120.pdb
c:\rgmapvideo\vd_pluginsdk\obj\debug\sampleinputdriver\vc120.idb
c:\rgmapvideo\vd_pluginsdk\obj\debug\sampleinputdriver\avi.obj
c:\rgmapvideo\vd_pluginsdk\obj\debug\sampleinputdriver\main.obj
c:\rgmapvideo\vd_pluginsdk\obj\debug\sampleinputdriver\mocrap.obj
c:\rgmapvideo\vd_pluginsdk\out\debug\sampleinputdriver.ilk
c:\rgmapvideo\vd_pluginsdk\out\debug\sampleinputdriver.dll
c:\rgmapvideo\vd_pluginsdk\out\debug\sampleinputdriver.pdb
c:\rgmapvideo\vd_pluginsdk\obj\debug\sampleinputdriver\sampleinputdriver.res
c:\rgmapvideo\vd_pluginsdk\out\debug\sampleinputdriver.lib
c:\rgmapvideo\vd_pluginsdk\out\debug\sampleinputdriver.exp
c:\rgmapvideo\vd_pluginsdk\src\sampleinputdriver\..\..\out\debug\sampleinputdriver.dll
c:\rgmapvideo\vd_pluginsdk\obj\debug\sampleinputdriver\samplein.cfdb70c7.tlog\cl.command.1.tlog
c:\rgmapvideo\vd_pluginsdk\obj\debug\sampleinputdriver\samplein.cfdb70c7.tlog\cl.read.1.tlog
c:\rgmapvideo\vd_pluginsdk\obj\debug\sampleinputdriver\samplein.cfdb70c7.tlog\cl.write.1.tlog
c:\rgmapvideo\vd_pluginsdk\obj\debug\sampleinputdriver\samplein.cfdb70c7.tlog\link.command.1.tlog
c:\rgmapvideo\vd_pluginsdk\obj\debug\sampleinputdriver\samplein.cfdb70c7.tlog\link.read.1.tlog
c:\rgmapvideo\vd_pluginsdk\obj\debug\sampleinputdriver\samplein.cfdb70c7.tlog\link.write.1.tlog
c:\rgmapvideo\vd_pluginsdk\obj\debug\sampleinputdriver\samplein.cfdb70c7.tlog\rc.command.1.tlog
c:\rgmapvideo\vd_pluginsdk\obj\debug\sampleinputdriver\samplein.cfdb70c7.tlog\rc.read.1.tlog
c:\rgmapvideo\vd_pluginsdk\obj\debug\sampleinputdriver\samplein.cfdb70c7.tlog\rc.write.1.tlog
c:\rgmapvideo\vd_pluginsdk\obj\debug\sampleinputdriver\samplein.cfdb70c7.tlog\sampleinputdriver.write.1u.tlog
