Build started 27.06.2019 19:36:33.
     1>Project "C:\rgmapvideo\VD_PluginSDK\src\SampleInputDriver\SampleInputDriver.vcxproj" on node 2 (Rebuild target(s)).
     1>ClCompile:
         C:\Program Files (x86)\Microsoft Visual Studio 12.0\VC\bin\CL.exe /c /I..\..\include /Iinclude /Ires /Zi /nologo /W3 /WX- /O2 /Oy- /GL /D WIN32 /D NDEBUG /D _WINDOWS /D _USRDLL /D SAMPLEINPUTDRIVER_EXPORTS /D _CRT_SECURE_NO_WARNINGS /D _WINDLL /D _MBCS /GF /Gm- /EHsc /MT /GS- /fp:precise /Zc:wchar_t /Zc:forScope /GR- /Fo"..\..\obj\Release\SampleInputDriver\\" /Fd"..\..\obj\Release\SampleInputDriver\vc120.pdb" /Gd /TP /analyze- /errorReport:prompt source\avi.cpp source\main.cpp source\mocrap.cpp
         avi.cpp
         main.cpp
         mocrap.cpp
       ResourceCompile:
         C:\Program Files (x86)\Windows Kits\8.1\bin\x86\rc.exe /l"0x0409" /nologo /fo"..\..\obj\Release\SampleInputDriver\SampleInputDriver.res" res\SampleInputDriver.rc 
       Link:
         C:\Program Files (x86)\Microsoft Visual Studio 12.0\VC\bin\link.exe /ERRORREPORT:PROMPT /OUT:"..\..\out\Release\SampleInputDriver.dll" /INCREMENTAL:NO /NOLOGO vfw32.lib kernel32.lib user32.lib gdi32.lib winspool.lib comdlg32.lib advapi32.lib shell32.lib ole32.lib oleaut32.lib uuid.lib odbc32.lib odbccp32.lib /DEF:"SampleInputDriver.def" /MANIFEST:NO /DEBUG /PDB:"..\..\out\Release\SampleInputDriver.pdb" /SUBSYSTEM:WINDOWS /OPT:REF /OPT:ICF /LTCG /TLBID:1 /DYNAMICBASE /NXCOMPAT /IMPLIB:"..\..\out\Release\SampleInputDriver.lib" /MACHINE:X86 /SAFESEH /DLL ..\..\obj\Release\SampleInputDriver\SampleInputDriver.res
         ..\..\obj\Release\SampleInputDriver\avi.obj
         ..\..\obj\Release\SampleInputDriver\main.obj
         ..\..\obj\Release\SampleInputDriver\mocrap.obj
         C:\rgmapvideo\VD_PluginSDK\out\Release\VDXFrame.lib
            Creating library ..\..\out\Release\SampleInputDriver.lib and object ..\..\out\Release\SampleInputDriver.exp
         Generating code
         Finished generating code
         SampleInputDriver.vcxproj -> C:\rgmapvideo\VD_PluginSDK\src\SampleInputDriver\..\..\out\Release\SampleInputDriver.dll
     1>Done Building Project "C:\rgmapvideo\VD_PluginSDK\src\SampleInputDriver\SampleInputDriver.vcxproj" (Rebuild target(s)).

Build succeeded.

Time Elapsed 00:00:03.68
